{"total": {"lines":{"total":68,"covered":65,"skipped":0,"pct":95.59},"statements":{"total":68,"covered":65,"skipped":0,"pct":95.59},"functions":{"total":13,"covered":13,"skipped":0,"pct":100},"branches":{"total":19,"covered":14,"skipped":0,"pct":73.68}}
,"/home/ronald/Projeto_3/trybeerV2/sd-04-project-trybeer-v2/back-end/config/config.js": {"lines":{"total":2,"covered":2,"skipped":0,"pct":100},"functions":{"total":0,"covered":0,"skipped":0,"pct":100},"statements":{"total":2,"covered":2,"skipped":0,"pct":100},"branches":{"total":0,"covered":0,"skipped":0,"pct":100}}
,"/home/ronald/Projeto_3/trybeerV2/sd-04-project-trybeer-v2/back-end/controllers/login/index.js": {"lines":{"total":14,"covered":12,"skipped":0,"pct":85.71},"functions":{"total":1,"covered":1,"skipped":0,"pct":100},"statements":{"total":14,"covered":12,"skipped":0,"pct":85.71},"branches":{"total":8,"covered":6,"skipped":0,"pct":75}}
,"/home/ronald/Projeto_3/trybeerV2/sd-04-project-trybeer-v2/back-end/middlewares/createJWT/index.js": {"lines":{"total":6,"covered":6,"skipped":0,"pct":100},"functions":{"total":1,"covered":1,"skipped":0,"pct":100},"statements":{"total":6,"covered":6,"skipped":0,"pct":100},"branches":{"total":2,"covered":2,"skipped":0,"pct":100}}
,"/home/ronald/Projeto_3/trybeerV2/sd-04-project-trybeer-v2/back-end/models/index.js": {"lines":{"total":20,"covered":19,"skipped":0,"pct":95},"functions":{"total":3,"covered":3,"skipped":0,"pct":100},"statements":{"total":20,"covered":19,"skipped":0,"pct":95},"branches":{"total":9,"covered":6,"skipped":0,"pct":66.67}}
,"/home/ronald/Projeto_3/trybeerV2/sd-04-project-trybeer-v2/back-end/models/products.js": {"lines":{"total":6,"covered":6,"skipped":0,"pct":100},"functions":{"total":2,"covered":2,"skipped":0,"pct":100},"statements":{"total":6,"covered":6,"skipped":0,"pct":100},"branches":{"total":0,"covered":0,"skipped":0,"pct":100}}
,"/home/ronald/Projeto_3/trybeerV2/sd-04-project-trybeer-v2/back-end/models/sale.js": {"lines":{"total":7,"covered":7,"skipped":0,"pct":100},"functions":{"total":2,"covered":2,"skipped":0,"pct":100},"statements":{"total":7,"covered":7,"skipped":0,"pct":100},"branches":{"total":0,"covered":0,"skipped":0,"pct":100}}
,"/home/ronald/Projeto_3/trybeerV2/sd-04-project-trybeer-v2/back-end/models/salesProducts.js": {"lines":{"total":7,"covered":7,"skipped":0,"pct":100},"functions":{"total":2,"covered":2,"skipped":0,"pct":100},"statements":{"total":7,"covered":7,"skipped":0,"pct":100},"branches":{"total":0,"covered":0,"skipped":0,"pct":100}}
,"/home/ronald/Projeto_3/trybeerV2/sd-04-project-trybeer-v2/back-end/models/user.js": {"lines":{"total":6,"covered":6,"skipped":0,"pct":100},"functions":{"total":2,"covered":2,"skipped":0,"pct":100},"statements":{"total":6,"covered":6,"skipped":0,"pct":100},"branches":{"total":0,"covered":0,"skipped":0,"pct":100}}
}
